make all --print-data-base --no-builtin-variables --no-builtin-rules --question
# GNU Make 4.3
# Built for x86_64-pc-linux-gnu
# Copyright (C) 1988-2020 Free Software Foundation, Inc.
# License GPLv3+: GNU GPL version 3 or later <http://gnu.org/licenses/gpl.html>
# This is free software: you are free to change and redistribute it.
# There is NO WARRANTY, to the extent permitted by law.

# Make data base, printed on Mon Jun 27 05:22:20 2022

# Variables

# environment
REMOTE_CONTAINERS_SOCKETS = ["/tmp/vscode-ssh-auth-cd2c7954de41e74547a2ee0c4e5333b7230a19c1.sock"]
# environment
LC_ALL = C
# environment
VSCODE_CWD = /vscode/vscode-server/bin/linux-x64/30d9c6cd9483b2cc586687151bcbcd635f373630
# environment
APT_KEY_DONT_WARN_ON_DANGEROUS_USAGE = DontWarn
# default
MAKE_COMMAND := make
# environment
VSCODE_HANDLES_SIGPIPE = true
# automatic
@D = $(patsubst %/,%,$(dir $@))
# environment
VSCODE_HANDLES_UNCAUGHT_ERRORS = true
# default
.VARIABLES := 
# environment
PWD = /home/vscode/src/Cursus/ft_containers
# automatic
%D = $(patsubst %/,%,$(dir $%))
# environment
HOSTNAME = 7ea1aaaa9dff
# automatic
^D = $(patsubst %/,%,$(dir $^))
# environment
VSCODE_LOG_STACK = false
# automatic
%F = $(notdir $%)
# environment
LANG = C
# default
.LOADED := 
# default
.INCLUDE_DIRS = /usr/local/include /usr/include /usr/include
# makefile
MAKEFLAGS = pqrR
# makefile
CURDIR := /home/vscode/src/Cursus/ft_containers
# environment
VSCODE_PIPE_LOGGING = true
# environment
APPLICATION_INSIGHTS_NO_DIAGNOSTIC_CHANNEL = true
# makefile (from 'Makefile', line 6)
SRCS = main.cpp
# automatic
*D = $(patsubst %/,%,$(dir $*))
# environment
MFLAGS = -pqrR
# environment
SSH_AUTH_SOCK = /tmp/vscode-ssh-auth-cd2c7954de41e74547a2ee0c4e5333b7230a19c1.sock
# default
.SHELLFLAGS := -c
# automatic
+D = $(patsubst %/,%,$(dir $+))
# makefile (from 'Makefile', line 1)
MAKEFILE_LIST := Makefile
# automatic
@F = $(notdir $@)
# environment
VSCODE_VERBOSE_LOGGING = true
# automatic
?D = $(patsubst %/,%,$(dir $?))
# automatic
*F = $(notdir $*)
# automatic
<D = $(patsubst %/,%,$(dir $<))
# environment
VSCODE_NLS_CONFIG = {"locale":"en","availableLanguages":{}}
# environment
ENVIRONMENT = DEBUG
# default
MAKE_HOST := x86_64-pc-linux-gnu
# makefile (from 'Makefile', line 8)
OBJS = ${SRCS:.cpp=.o}
# makefile
SHELL = /bin/sh
# default
MAKECMDGOALS := all
# environment
SHLVL = 1
# environment
MAKELEVEL := 0
# default
MAKE = $(MAKE_COMMAND)
# environment
PATH = /vscode/vscode-server/bin/linux-x64/30d9c6cd9483b2cc586687151bcbcd635f373630/bin/remote-cli:/usr/local/sbin:/usr/local/bin:/usr/sbin:/usr/bin:/sbin:/bin
# default
MAKEFILES := 
# automatic
^F = $(notdir $^)
# environment
VSCODE_LOG_NATIVE = false
# environment
REMOTE_CONTAINERS_IPC = /tmp/vscode-remote-containers-ipc-cd2c7954de41e74547a2ee0c4e5333b7230a19c1.sock
# environment
REMOTE_CONTAINERS = true
# automatic
?F = $(notdir $?)
# makefile (from 'Makefile', line 14)
NAME = ft_containers
# automatic
+F = $(notdir $+)
# 'override' directive
GNUMAKEFLAGS := 
# environment
BROWSER = /vscode/vscode-server/bin/linux-x64/30d9c6cd9483b2cc586687151bcbcd635f373630/bin/helpers/browser.sh
# makefile
.DEFAULT_GOAL := all
# environment
PYTHONDONTWRITEBYTECODE = 0
# environment
PYTHONUNBUFFERED = 0
# environment
USER = mal-guna
# default
MAKE_VERSION := 4.3
# environment
VSCODE_EXTHOST_WILL_SEND_SOCKET = true
# environment
VSCODE_AGENT_FOLDER = /root/.vscode-server
# environment
_ = /bin/cat
# environment
VSCODE_IPC_HOOK_CLI = /tmp/vscode-ipc-852f67a6-5cbe-486d-96a2-08ae5ab3f7ff.sock
# environment
DEBIAN_FRONTEND = dialog
# environment
VSCODE_AMD_ENTRYPOINT = vs/workbench/api/node/extensionHostProcess
# environment
HOME = /root
# default
.RECIPEPREFIX := 
# automatic
<F = $(notdir $<)
# default
SUFFIXES := 
# makefile (from 'Makefile', line 12)
CXXFLAGS = -Werror -Wall -Wextra -g3 -std=c++98
# default
.FEATURES := target-specific order-only second-expansion else-if shortest-stem undefine oneshell nocomment grouped-target extra-prereqs archives jobserver output-sync check-symlink load
# makefile (from 'Makefile', line 10)
CXX = c++
# variable set hash-table stats:
# Load=72/1024=7%, Rehash=0, Collisions=4/106=4%

# Pattern-specific Variable Values

# No pattern-specific variable values.

# Directories

# . (device 55, inode 29836347531407236): 17 files, no impossibilities.

# 17 files, no impossibilities in 1 directories.

# Implicit Rules

# No implicit rules.

# Files

# Not a target:
Makefile:
#  Implicit rule search has been done.
#  Last modified 2022-06-24 07:41:52.6823463
#  File has been updated.
#  Successfully updated.

clean:
#  Phony target (prerequisite of .PHONY).
#  Implicit rule search has not been done.
#  File does not exist.
#  File has not been updated.
#  recipe to execute (from 'Makefile', line 22):
	rm -rf $(OBJS)

re: fclean all
#  Phony target (prerequisite of .PHONY).
#  Implicit rule search has not been done.
#  File does not exist.
#  File has not been updated.

# Not a target:
.DEFAULT:
#  Implicit rule search has not been done.
#  Modification time never checked.
#  File has not been updated.

all: ft_containers
#  Phony target (prerequisite of .PHONY).
#  Command line target.
#  Implicit rule search has not been done.
#  File does not exist.
#  File has been updated.
#  Successfully updated.

fclean: clean
#  Phony target (prerequisite of .PHONY).
#  Implicit rule search has not been done.
#  File does not exist.
#  File has not been updated.
#  recipe to execute (from 'Makefile', line 24):
	rm -rf $(NAME)
	

# Not a target:
main.o:
#  Implicit rule search has been done.
#  Last modified 2022-06-26 23:23:32.9358145
#  File has been updated.
#  Successfully updated.

ft_containers: main.o
#  Implicit rule search has not been done.
#  Last modified 2022-06-26 23:23:33.1438161
#  File has been updated.
#  Successfully updated.
#  recipe to execute (from 'Makefile', line 19):
	$(CXX) $(OBJS) -o $(NAME)

.PHONY: all clean fclean re
#  Implicit rule search has not been done.
#  Modification time never checked.
#  File has not been updated.

# files hash-table stats:
# Load=10/1024=1%, Rehash=0, Collisions=0/31=0%
# VPATH Search Paths

# No 'vpath' search paths.

# No general ('VPATH' variable) search path.

# strcache buffers: 1 (0) / strings = 26 / storage = 238 B / avg = 9 B
# current buf: size = 8162 B / used = 238 B / count = 26 / avg = 9 B

# strcache performance: lookups = 47 / hit rate = 44%
# hash-table stats:
# Load=26/8192=0%, Rehash=0, Collisions=0/47=0%
# Finished Make data base on Mon Jun 27 05:22:20 2022

 
